[guns.lol/himmler_.html]
[guns.lol/_next/static/css/33cd60ccabffe20a.css]
[guns.lol/_next/static/css/11999634b1bc477a.css]
[guns.lol/_next/static/css/4c1a83e784be31e5.css]
[guns.lol/_next/static/chunks/webpack-c49c703ef40b683a.js]
[guns.lol/_next/static/chunks/4bd1b696-5cc00fdd89cac993.js]
[guns.lol/_next/static/chunks/1684-ccd0ab83cbafdc8f.js]
[guns.lol/_next/static/chunks/main-app-c95b87e4dbcdea77.js]
[guns.lol/_next/static/chunks/app/layout-75c5298ff535ce4d.js]
[guns.lol/_next/static/chunks/6874-1335ddc9318d7318.js]
[guns.lol/_next/static/chunks/app/not-found-d01de2ea7903a161.js]
[guns.lol/_next/static/chunks/5322-a31cc2ef467c25bd.js]
[guns.lol/_next/static/chunks/8306-ea0440b802e2d283.js]
[guns.lol/_next/static/chunks/540-dc9b94456c69f193.js]
[guns.lol/_next/static/chunks/8317-551082d7963a590d.js]
[guns.lol/_next/static/chunks/9320-c964abeb0b98869f.js]
[guns.lol/_next/static/chunks/6990-20968a621a3be1f5.js]
[guns.lol/_next/static/chunks/9677-fb2b81040d185490.js]
[guns.lol/_next/static/chunks/4923-5305854283867663.js]
[guns.lol/_next/static/chunks/6696-45c4baeb455b6a2c.js]
[guns.lol/_next/static/chunks/8011-a348fbeef4351322.js]
[guns.lol/_next/static/chunks/1090-c25af56883c9839d.js]
[guns.lol/_next/static/chunks/app/[username]/page-38552e58254d8e61.js]
[sa.guns.lol/latest.js]
[assets.guns.lol/cursor-effects.js]
[challenges.cloudflare.com/turnstile/v0/b/f9574c83b4d7/api.js]
[assets.guns.lol/favicon/apple-touch-icon.png]
[assets.guns.lol/favicon/favicon-32x32.png]
[assets.guns.lol/favicon/favicon-16x16.png]
[backblue.gif]
[fade.gif]
[index.html]
[guns.lol/_next/static/chunks/polyfills-42372ed130431b0a.js]
[r2.guns.lol/d978af4f-2db0-42ed-a85c-1149e1dae302.png]
[assets.guns.lol/sparkle_white.gif]
[guns.lol/himmler_.html]
[guns.lol/_next/static/css/33cd60ccabffe20a.css]
[guns.lol/cdn-cgi/challenge-platform/h/b/scripts/jsd/f9574c83b4d7/maind41d.js]
[assets.guns.lol/gradient_background.png]
[guns.lol/_next/static/css/11999634b1bc477a.css]
[guns.lol/_next/static/css/4c1a83e784be31e5.css]
